*** Using Compiler 'V5.06 update 6 (build 750)', folder: 'C:\Keil_v5\ARM\ARMCC\Bin'
*** Note: Rebuilding project, since 'Options->Output->Create Batch File' is selected.
Rebuild target 'ins_task'
compiling MY_CHASSIS_CONTROL.c...
compiling MY_CLOUD_CONTROL.c...
..\APP\MY_CLOUD_CONTROL.c(120): warning:  #1035-D: single-precision operand implicitly converted to double-precision
        PITCH_MAX_angle=DJIC_IMU.total_pitch+(8010-GM6020s[3].totalAngle)/8196.0*360.0;
..\APP\MY_CLOUD_CONTROL.c(121): warning:  #1035-D: single-precision operand implicitly converted to double-precision
        PITCH_MIN_angle=DJIC_IMU.total_pitch+(7100-GM6020s[3].totalAngle)/8196.0*360.0;
..\APP\MY_CLOUD_CONTROL.c: 2 warnings, 0 errors
compiling MY_SHOOT_CONTROL.c...
compiling my_IncrementPID_bate.c...
compiling my_positionPID_bate.c...
compiling M3508.c...
compiling M2006.c...
compiling DR16_RECIVE.c...
compiling GM6020.c...
compiling BEEP_MY.c...
compiling bsp_buzzer_driver.c...
compiling buzzer_TIM_init.c...
compiling sound_effects_task.c...
compiling CAN2_SEND.c...
compiling main.c...
compiling gpio.c...
compiling freertos.c...
compiling can.c...
compiling dma.c...
compiling i2c.c...
compiling spi.c...
compiling tim.c...
compiling usart.c...
compiling stm32f4xx_it.c...
compiling stm32f4xx_hal_msp.c...
compiling stm32f4xx_hal_timebase_tim.c...
compiling BMI088driver.c...
compiling BMI088Middleware.c...
compiling ist8310driver.c...
compiling ist8310driver_middleware.c...
compiling Debug_DataScope.C...
compiling DJI_IMU.c...
compiling bsp_delay.c...
compiling bsp_imu_pwm.c...
compiling bsp_led.c...
compiling bsp_spi.c...
compiling bsp_flash.c...
compiling user_can.c...
compiling bsp_buzzer.c...
compiling pid.c...
compiling INS_task.c...
compiling led_flow_task.c...
compiling test_task.c...
compiling calibrate_task.c...
compiling user_lib.c...
compiling MahonyAHRS.c...
assembling startup_stm32f407xx.s...
compiling system_stm32f4xx.c...
compiling stm32f4xx_hal_can.c...
compiling stm32f4xx_hal_rcc.c...
compiling stm32f4xx_hal_rcc_ex.c...
compiling stm32f4xx_hal_flash.c...
compiling stm32f4xx_hal_flash_ex.c...
compiling stm32f4xx_hal_flash_ramfunc.c...
compiling stm32f4xx_hal_gpio.c...
compiling stm32f4xx_hal_dma_ex.c...
compiling stm32f4xx_hal_dma.c...
compiling stm32f4xx_hal_pwr.c...
compiling stm32f4xx_hal_pwr_ex.c...
compiling stm32f4xx_hal_cortex.c...
compiling stm32f4xx_hal.c...
compiling stm32f4xx_hal_exti.c...
compiling stm32f4xx_hal_i2c.c...
compiling stm32f4xx_hal_i2c_ex.c...
compiling stm32f4xx_hal_spi.c...
compiling stm32f4xx_hal_tim.c...
compiling stm32f4xx_hal_tim_ex.c...
compiling stm32f4xx_hal_uart.c...
compiling croutine.c...
compiling event_groups.c...
compiling list.c...
compiling queue.c...
compiling stream_buffer.c...
compiling tasks.c...
../Middlewares/Third_Party/FreeRTOS/Source/tasks.c(2059): warning:  #223-D: function "ConfigureTimeForRunTimeStats" declared implicitly
                portCONFIGURE_TIMER_FOR_RUN_TIME_STATS();
../Middlewares/Third_Party/FreeRTOS/Source/tasks.c: 1 warning, 0 errors
compiling timers.c...
compiling cmsis_os.c...
compiling heap_4.c...
compiling port.c...
linking...
Program Size: Code=66460 RO-data=868 RW-data=752 ZI-data=46776  
FromELF: creating hex file...
"ins_task\ins_task.axf" - 0 Error(s), 3 Warning(s).
Build Time Elapsed:  00:01:41
